# JRE version: OpenJDK Runtime Environment Temurin-21.0.10+7 (21.0.10+7) (build 21.0.10+7-LTS)
# Java VM: OpenJDK 64-Bit Server VM Temurin-21.0.10+7 (21.0.10+7-LTS, mixed mode, sharing, tiered, compressed oops, compressed class ptrs, parallel gc, windows-amd64)
GC Precious Log:
 CardTable entry size: 512
 CPUs: 4 total, 4 available
 Memory: 7846M
 Large Page Support: Disabled
 NUMA Support: Disabled
 Compressed Oops: Enabled (32-bit)
 Alignments: Space 512K, Generation 512K, Heap 2M
 Heap Min Capacity: 100M
 Heap Initial Capacity: 100M
 Heap Max Capacity: 2G
 Pre-touch: Disabled
 Parallel Workers: 4
Heap:
 PSYoungGen      total 6144K, used 1016K [0x00000000d5580000, 0x00000000d6280000, 0x0000000100000000)
  eden space 5632K, 12% used [0x00000000d5580000,0x00000000d562e028,0x00000000d5b00000)
  from space 512K, 62% used [0x00000000d6200000,0x00000000d6250020,0x00000000d6280000)
  to   space 2560K, 0% used [0x00000000d5d80000,0x00000000d5d80000,0x00000000d6000000)
 ParOldGen       total 1215488K, used 654323K [0x0000000080000000, 0x00000000ca300000, 0x00000000d5580000)
  object space 1215488K, 53% used [0x0000000080000000,0x00000000a7efcf40,0x00000000ca300000)
 Metaspace       used 93394K, committed 95104K, reserved 1179648K
  class space    used 9381K, committed 10304K, reserved 1048576K
GC Heap History (20 events):
Event: 89550.282 GC heap before
{Heap before GC invocations=4943 (full 6):
 PSYoungGen      total 4096K, used 4070K [0x00000000d5580000, 0x00000000d6100000, 0x0000000100000000)
  eden space 3584K, 100% used [0x00000000d5580000,0x00000000d5900000,0x00000000d5900000)
  from space 512K, 94% used [0x00000000d5c80000,0x00000000d5cf9880,0x00000000d5d00000)
  to   space 3584K, 0% used [0x00000000d5900000,0x00000000d5900000,0x00000000d5c80000)
 ParOldGen       total 1215488K, used 642498K [0x0000000080000000, 0x00000000ca300000, 0x00000000d5580000)
  object space 1215488K, 52% used [0x0000000080000000,0x00000000a7370b88,0x00000000ca300000)
 Metaspace       used 93374K, committed 95104K, reserved 1179648K
  class space    used 9381K, committed 10304K, reserved 1048576K
}
Event: 89550.285 GC heap after
{Heap after GC invocations=4943 (full 6):
 PSYoungGen      total 4608K, used 876K [0x00000000d5580000, 0x00000000d5e00000, 0x0000000100000000)
  eden space 3584K, 0% used [0x00000000d5580000,0x00000000d5580000,0x00000000d5900000)
  from space 1024K, 85% used [0x00000000d5900000,0x00000000d59db100,0x00000000d5a00000)
  to   space 2048K, 0% used [0x00000000d5c00000,0x00000000d5c00000,0x00000000d5e00000)
 ParOldGen       total 1215488K, used 642711K [0x0000000080000000, 0x00000000ca300000, 0x00000000d5580000)
  object space 1215488K, 52% used [0x0000000080000000,0x00000000a73a5c10,0x00000000ca300000)
 Metaspace       used 93374K, committed 95104K, reserved 1179648K
  class space    used 9381K, committed 10304K, reserved 1048576K
}
Event: 89550.741 GC heap before
{Heap before GC invocations=4944 (full 6):
 PSYoungGen      total 4608K, used 4449K [0x00000000d5580000, 0x00000000d5e00000, 0x0000000100000000)
  eden space 3584K, 99% used [0x00000000d5580000,0x00000000d58fd5f8,0x00000000d5900000)
  from space 1024K, 85% used [0x00000000d5900000,0x00000000d59db100,0x00000000d5a00000)
  to   space 2048K, 0% used [0x00000000d5c00000,0x00000000d5c00000,0x00000000d5e00000)
 ParOldGen       total 1215488K, used 642711K [0x0000000080000000, 0x00000000ca300000, 0x00000000d5580000)
  object space 1215488K, 52% used [0x0000000080000000,0x00000000a73a5c10,0x00000000ca300000)
 Metaspace       used 93374K, committed 95104K, reserved 1179648K
  class space    used 9381K, committed 10304K, reserved 1048576K
}
Event: 89550.746 GC heap after
{Heap after GC invocations=4944 (full 6):
 PSYoungGen      total 4096K, used 160K [0x00000000d5580000, 0x00000000d5c80000, 0x0000000100000000)
  eden space 3584K, 0% used [0x00000000d5580000,0x00000000d5580000,0x00000000d5900000)
  from space 512K, 31% used [0x00000000d5c00000,0x00000000d5c28000,0x00000000d5c80000)
  to   space 1024K, 0% used [0x00000000d5a80000,0x00000000d5a80000,0x00000000d5b80000)
 ParOldGen       total 1215488K, used 642895K [0x0000000080000000, 0x00000000ca300000, 0x00000000d5580000)
  object space 1215488K, 52% used [0x0000000080000000,0x00000000a73d3c10,0x00000000ca300000)
 Metaspace       used 93374K, committed 95104K, reserved 1179648K
  class space    used 9381K, committed 10304K, reserved 1048576K
}
Event: 89550.969 GC heap before
{Heap before GC invocations=4945 (full 6):
 PSYoungGen      total 4096K, used 3744K [0x00000000d5580000, 0x00000000d5c80000, 0x0000000100000000)
  eden space 3584K, 100% used [0x00000000d5580000,0x00000000d5900000,0x00000000d5900000)
  from space 512K, 31% used [0x00000000d5c00000,0x00000000d5c28000,0x00000000d5c80000)
  to   space 1024K, 0% used [0x00000000d5a80000,0x00000000d5a80000,0x00000000d5b80000)
 ParOldGen       total 1215488K, used 642895K [0x0000000080000000, 0x00000000ca300000, 0x00000000d5580000)
  object space 1215488K, 52% used [0x0000000080000000,0x00000000a73d3c10,0x00000000ca300000)
 Metaspace       used 93378K, committed 95104K, reserved 1179648K
  class space    used 9381K, committed 10304K, reserved 1048576K
}
Event: 89550.973 GC heap after
{Heap after GC invocations=4945 (full 6):
 PSYoungGen      total 4608K, used 752K [0x00000000d5580000, 0x00000000d5c80000, 0x0000000100000000)
  eden space 3584K, 0% used [0x00000000d5580000,0x00000000d5580000,0x00000000d5900000)
  from space 1024K, 73% used [0x00000000d5a80000,0x00000000d5b3c030,0x00000000d5b80000)
  to   space 1024K, 0% used [0x00000000d5b80000,0x00000000d5b80000,0x00000000d5c80000)
 ParOldGen       total 1215488K, used 642919K [0x0000000080000000, 0x00000000ca300000, 0x00000000d5580000)
  object space 1215488K, 52% used [0x0000000080000000,0x00000000a73d9c10,0x00000000ca300000)
 Metaspace       used 93378K, committed 95104K, reserved 1179648K
  class space    used 9381K, committed 10304K, reserved 1048576K
}
Event: 89551.157 GC heap before
{Heap before GC invocations=4946 (full 6):
 PSYoungGen      total 4608K, used 4336K [0x00000000d5580000, 0x00000000d5c80000, 0x0000000100000000)
  eden space 3584K, 100% used [0x00000000d5580000,0x00000000d5900000,0x00000000d5900000)
  from space 1024K, 73% used [0x00000000d5a80000,0x00000000d5b3c030,0x00000000d5b80000)
  to   space 1024K, 0% used [0x00000000d5b80000,0x00000000d5b80000,0x00000000d5c80000)
 ParOldGen       total 1215488K, used 642919K [0x0000000080000000, 0x00000000ca300000, 0x00000000d5580000)
  object space 1215488K, 52% used [0x0000000080000000,0x00000000a73d9c10,0x00000000ca300000)
 Metaspace       used 93378K, committed 95104K, reserved 1179648K
  class space    used 9381K, committed 10304K, reserved 1048576K
}
Event: 89551.162 GC heap after
{Heap after GC invocations=4946 (full 6):
 PSYoungGen      total 4096K, used 224K [0x00000000d5580000, 0x00000000d5c00000, 0x0000000100000000)
  eden space 3584K, 0% used [0x00000000d5580000,0x00000000d5580000,0x00000000d5900000)
  from space 512K, 43% used [0x00000000d5b80000,0x00000000d5bb8000,0x00000000d5c00000)
  to   space 512K, 0% used [0x00000000d5b00000,0x00000000d5b00000,0x00000000d5b80000)
 ParOldGen       total 1215488K, used 643516K [0x0000000080000000, 0x00000000ca300000, 0x00000000d5580000)
  object space 1215488K, 52% used [0x0000000080000000,0x00000000a746f0c0,0x00000000ca300000)
 Metaspace       used 93378K, committed 95104K, reserved 1179648K
  class space    used 9381K, committed 10304K, reserved 1048576K
}
Event: 89551.917 GC heap before
{Heap before GC invocations=4947 (full 6):
 PSYoungGen      total 4096K, used 3808K [0x00000000d5580000, 0x00000000d5c00000, 0x0000000100000000)
  eden space 3584K, 100% used [0x00000000d5580000,0x00000000d5900000,0x00000000d5900000)
  from space 512K, 43% used [0x00000000d5b80000,0x00000000d5bb8000,0x00000000d5c00000)
  to   space 512K, 0% used [0x00000000d5b00000,0x00000000d5b00000,0x00000000d5b80000)
 ParOldGen       total 1215488K, used 643516K [0x0000000080000000, 0x00000000ca300000, 0x00000000d5580000)
  object space 1215488K, 52% used [0x0000000080000000,0x00000000a746f0c0,0x00000000ca300000)
 Metaspace       used 93378K, committed 95104K, reserved 1179648K
  class space    used 9381K, committed 10304K, reserved 1048576K
}
Event: 89551.921 GC heap after
{Heap after GC invocations=4947 (full 6):
 PSYoungGen      total 4096K, used 320K [0x00000000d5580000, 0x00000000d5c00000, 0x0000000100000000)
  eden space 3584K, 0% used [0x00000000d5580000,0x00000000d5580000,0x00000000d5900000)
  from space 512K, 62% used [0x00000000d5b00000,0x00000000d5b50000,0x00000000d5b80000)
  to   space 512K, 0% used [0x00000000d5b80000,0x00000000d5b80000,0x00000000d5c00000)
 ParOldGen       total 1215488K, used 643540K [0x0000000080000000, 0x00000000ca300000, 0x00000000d5580000)
  object space 1215488K, 52% used [0x0000000080000000,0x00000000a74750c0,0x00000000ca300000)
 Metaspace       used 93378K, committed 95104K, reserved 1179648K
  class space    used 9381K, committed 10304K, reserved 1048576K
}
Event: 89552.570 GC heap before
{Heap before GC invocations=4948 (full 6):
 PSYoungGen      total 4096K, used 3904K [0x00000000d5580000, 0x00000000d5c00000, 0x0000000100000000)
  eden space 3584K, 100% used [0x00000000d5580000,0x00000000d5900000,0x00000000d5900000)
  from space 512K, 62% used [0x00000000d5b00000,0x00000000d5b50000,0x00000000d5b80000)
  to   space 512K, 0% used [0x00000000d5b80000,0x00000000d5b80000,0x00000000d5c00000)
 ParOldGen       total 1215488K, used 643540K [0x0000000080000000, 0x00000000ca300000, 0x00000000d5580000)
  object space 1215488K, 52% used [0x0000000080000000,0x00000000a74750c0,0x00000000ca300000)
 Metaspace       used 93379K, committed 95104K, reserved 1179648K
  class space    used 9381K, committed 10304K, reserved 1048576K
}
Event: 89552.576 GC heap after
{Heap after GC invocations=4948 (full 6):
 PSYoungGen      total 4096K, used 499K [0x00000000d5580000, 0x00000000d5c00000, 0x0000000100000000)
  eden space 3584K, 0% used [0x00000000d5580000,0x00000000d5580000,0x00000000d5900000)
  from space 512K, 97% used [0x00000000d5b80000,0x00000000d5bfcdf0,0x00000000d5c00000)
  to   space 1536K, 0% used [0x00000000d5900000,0x00000000d5900000,0x00000000d5a80000)
 ParOldGen       total 1215488K, used 643983K [0x0000000080000000, 0x00000000ca300000, 0x00000000d5580000)
  object space 1215488K, 52% used [0x0000000080000000,0x00000000a74e3eb0,0x00000000ca300000)
 Metaspace       used 93379K, committed 95104K, reserved 1179648K
  class space    used 9381K, committed 10304K, reserved 1048576K
}
Event: 89552.584 GC heap before
{Heap before GC invocations=4949 (full 6):
 PSYoungGen      total 4096K, used 4083K [0x00000000d5580000, 0x00000000d5c00000, 0x0000000100000000)
  eden space 3584K, 100% used [0x00000000d5580000,0x00000000d5900000,0x00000000d5900000)
  from space 512K, 97% used [0x00000000d5b80000,0x00000000d5bfcdf0,0x00000000d5c00000)
  to   space 1536K, 0% used [0x00000000d5900000,0x00000000d5900000,0x00000000d5a80000)
 ParOldGen       total 1215488K, used 643983K [0x0000000080000000, 0x00000000ca300000, 0x00000000d5580000)
  object space 1215488K, 52% used [0x0000000080000000,0x00000000a74e3eb0,0x00000000ca300000)
 Metaspace       used 93379K, committed 95104K, reserved 1179648K
  class space    used 9381K, committed 10304K, reserved 1048576K
}
Event: 89552.597 GC heap after
{Heap after GC invocations=4949 (full 6):
 PSYoungGen      total 5120K, used 1536K [0x00000000d5580000, 0x00000000d6300000, 0x0000000100000000)
  eden space 3584K, 0% used [0x00000000d5580000,0x00000000d5580000,0x00000000d5900000)
  from space 1536K, 100% used [0x00000000d5900000,0x00000000d5a80000,0x00000000d5a80000)
  to   space 4608K, 0% used [0x00000000d5e80000,0x00000000d5e80000,0x00000000d6300000)
 ParOldGen       total 1215488K, used 646491K [0x0000000080000000, 0x00000000ca300000, 0x00000000d5580000)
  object space 1215488K, 53% used [0x0000000080000000,0x00000000a7756cc0,0x00000000ca300000)
 Metaspace       used 93379K, committed 95104K, reserved 1179648K
  class space    used 9381K, committed 10304K, reserved 1048576K
}
Event: 89552.633 GC heap before
{Heap before GC invocations=4950 (full 6):
 PSYoungGen      total 5120K, used 5080K [0x00000000d5580000, 0x00000000d6300000, 0x0000000100000000)
  eden space 3584K, 98% used [0x00000000d5580000,0x00000000d58f63d0,0x00000000d5900000)
  from space 1536K, 100% used [0x00000000d5900000,0x00000000d5a80000,0x00000000d5a80000)
  to   space 4608K, 0% used [0x00000000d5e80000,0x00000000d5e80000,0x00000000d6300000)
 ParOldGen       total 1215488K, used 646491K [0x0000000080000000, 0x00000000ca300000, 0x00000000d5580000)
  object space 1215488K, 53% used [0x0000000080000000,0x00000000a7756cc0,0x00000000ca300000)
 Metaspace       used 93385K, committed 95104K, reserved 1179648K
  class space    used 9381K, committed 10304K, reserved 1048576K
}
Event: 89552.646 GC heap after
{Heap after GC invocations=4950 (full 6):
 PSYoungGen      total 7168K, used 2400K [0x00000000d5580000, 0x00000000d6100000, 0x0000000100000000)
  eden space 4608K, 0% used [0x00000000d5580000,0x00000000d5580000,0x00000000d5a00000)
  from space 2560K, 93% used [0x00000000d5e80000,0x00000000d60d8000,0x00000000d6100000)
  to   space 3072K, 0% used [0x00000000d5b00000,0x00000000d5b00000,0x00000000d5e00000)
 ParOldGen       total 1215488K, used 648059K [0x0000000080000000, 0x00000000ca300000, 0x00000000d5580000)
  object space 1215488K, 53% used [0x0000000080000000,0x00000000a78decc0,0x00000000ca300000)
 Metaspace       used 93385K, committed 95104K, reserved 1179648K
  class space    used 9381K, committed 10304K, reserved 1048576K
}
Event: 89552.704 GC heap before
{Heap before GC invocations=4951 (full 6):
 PSYoungGen      total 7168K, used 7008K [0x00000000d5580000, 0x00000000d6100000, 0x0000000100000000)
  eden space 4608K, 100% used [0x00000000d5580000,0x00000000d5a00000,0x00000000d5a00000)
  from space 2560K, 93% used [0x00000000d5e80000,0x00000000d60d8000,0x00000000d6100000)
  to   space 3072K, 0% used [0x00000000d5b00000,0x00000000d5b00000,0x00000000d5e00000)
 ParOldGen       total 1215488K, used 648059K [0x0000000080000000, 0x00000000ca300000, 0x00000000d5580000)
  object space 1215488K, 53% used [0x0000000080000000,0x00000000a78decc0,0x00000000ca300000)
 Metaspace       used 93393K, committed 95104K, reserved 1179648K
  class space    used 9381K, committed 10304K, reserved 1048576K
}
Event: 89552.719 GC heap after
{Heap after GC invocations=4951 (full 6):
 PSYoungGen      total 8704K, used 3048K [0x00000000d5580000, 0x00000000d6900000, 0x0000000100000000)
  eden space 5632K, 0% used [0x00000000d5580000,0x00000000d5580000,0x00000000d5b00000)
  from space 3072K, 99% used [0x00000000d5b00000,0x00000000d5dfa280,0x00000000d5e00000)
  to   space 7168K, 0% used [0x00000000d6200000,0x00000000d6200000,0x00000000d6900000)
 ParOldGen       total 1215488K, used 651299K [0x0000000080000000, 0x00000000ca300000, 0x00000000d5580000)
  object space 1215488K, 53% used [0x0000000080000000,0x00000000a7c08cc0,0x00000000ca300000)
 Metaspace       used 93393K, committed 95104K, reserved 1179648K
  class space    used 9381K, committed 10304K, reserved 1048576K
}
Event: 89553.309 GC heap before
{Heap before GC invocations=4952 (full 6):
 PSYoungGen      total 8704K, used 8680K [0x00000000d5580000, 0x00000000d6900000, 0x0000000100000000)
  eden space 5632K, 100% used [0x00000000d5580000,0x00000000d5b00000,0x00000000d5b00000)
  from space 3072K, 99% used [0x00000000d5b00000,0x00000000d5dfa280,0x00000000d5e00000)
  to   space 7168K, 0% used [0x00000000d6200000,0x00000000d6200000,0x00000000d6900000)
 ParOldGen       total 1215488K, used 651299K [0x0000000080000000, 0x00000000ca300000, 0x00000000d5580000)
  object space 1215488K, 53% used [0x0000000080000000,0x00000000a7c08cc0,0x00000000ca300000)
 Metaspace       used 93393K, committed 95104K, reserved 1179648K
  class space    used 9381K, committed 10304K, reserved 1048576K
}
Event: 89553.329 GC heap after
{Heap after GC invocations=4952 (full 6):
 PSYoungGen      total 6144K, used 320K [0x00000000d5580000, 0x00000000d6280000, 0x0000000100000000)
  eden space 5632K, 0% used [0x00000000d5580000,0x00000000d5580000,0x00000000d5b00000)
  from space 512K, 62% used [0x00000000d6200000,0x00000000d6250020,0x00000000d6280000)
  to   space 2560K, 0% used [0x00000000d5d80000,0x00000000d5d80000,0x00000000d6000000)
 ParOldGen       total 1215488K, used 654323K [0x0000000080000000, 0x00000000ca300000, 0x00000000d5580000)
  object space 1215488K, 53% used [0x0000000080000000,0x00000000a7efcf40,0x00000000ca300000)
 Metaspace       used 93393K, committed 95104K, reserved 1179648K
  class space    used 9381K, committed 10304K, reserved 1048576K
}

